Build started 12/13/2012 1:33:56 AM.
     1>Project "C:\Users\wjboone\Documents\GitHub\565Final\565Final\565Final.vcxproj" on node 2 (build target(s)).
     1>InitializeBuildStatus:
         Creating "Debug\565Final.unsuccessfulbuild" because "AlwaysCreate" was specified.
       AddCudaCompileDeps:
       Skipping target "AddCudaCompileDeps" because all output files are up-to-date with respect to the input files.
       AddCudaCompilePropsDeps:
       Skipping target "AddCudaCompilePropsDeps" because all output files are up-to-date with respect to the input files.
       CudaBuild:
       Skipping target "CudaBuild" because all output files are up-to-date with respect to the input files.
       ClCompile:
         All outputs are up-to-date.
       Link:
         All outputs are up-to-date.
         565Final.vcxproj -> C:\Users\wjboone\Documents\GitHub\565Final\Debug\565Final.exe
       FinalizeBuildStatus:
         Deleting file "Debug\565Final.unsuccessfulbuild".
         Touching "Debug\565Final.lastbuildstate".
     1>Done Building Project "C:\Users\wjboone\Documents\GitHub\565Final\565Final\565Final.vcxproj" (build target(s)).

Build succeeded.

Time Elapsed 00:00:00.08
